<?xml version="1.0" encoding="UTF-8"?>
<testsuites>
  <testsuite name="" tests="3" assertions="3" failures="0" errors="0" time="0.013294">
    <testsuite name="HttpBuildUrlTest" file="/Users/rkhattar12/getallheaders/tests/GetAllHeadersTest.php" tests="3" assertions="3" failures="0" errors="0" time="0.013294">
      <testcase name="testNormalCase" class="HttpBuildUrlTest" file="/Users/rkhattar12/getallheaders/tests/GetAllHeadersTest.php" line="5" assertions="1" time="0.008649"/>
      <testcase name="testContentType" class="HttpBuildUrlTest" file="/Users/rkhattar12/getallheaders/tests/GetAllHeadersTest.php" line="22" assertions="1" time="0.002377"/>
      <testcase name="testContentLength" class="HttpBuildUrlTest" file="/Users/rkhattar12/getallheaders/tests/GetAllHeadersTest.php" line="36" assertions="1" time="0.002268"/>
    </testsuite>
  </testsuite>
</testsuites>
